<?xml version="1.0" encoding="UTF-8"?>
<!-- Generated by org.testng.reporters.JUnitReportReporter -->
<testsuite hostname="Rakeshs-MacBook-Air.local" failures="0" tests="1" name="RestAssuredAPITesting.RestAssuredAPITesting.FirstGetResquest" time="0.784" errors="0" timestamp="2023-09-18T02:34:57 IST" skipped="0">
  <testcase classname="RestAssuredAPITesting.RestAssuredAPITesting.FirstGetResquest" name="Testcase01" time="0.784"/>
  <system-out/>
</testsuite> <!-- RestAssuredAPITesting.RestAssuredAPITesting.FirstGetResquest -->
