<?xml version="1.0" encoding="UTF-8"?>
<!-- Generated by org.testng.reporters.JUnitReportReporter -->
<testsuite hostname="Rakeshs-MacBook-Air.local" failures="0" tests="1" name="Session_07.QueryParameterDemo" time="1.297" errors="0" timestamp="2023-09-19T21:22:18 IST" skipped="0">
  <testcase classname="Session_07.QueryParameterDemo" name="filterData" time="1.297"/>
  <system-out/>
</testsuite> <!-- Session_07.QueryParameterDemo -->
