<?xml version="1.0" encoding="UTF-8"?>
<!-- Generated by org.testng.reporters.JUnitReportReporter -->
<testsuite hostname="Rakeshs-MacBook-Air.local" failures="0" tests="1" name="Session_03.Test_PatchMethod" time="1.029" errors="0" timestamp="2023-09-16T02:40:27 IST" skipped="0">
  <testcase classname="Session_03.Test_PatchMethod" name="Test04" time="1.029"/>
  <system-out/>
</testsuite> <!-- Session_03.Test_PatchMethod -->
