<?xml version="1.0" encoding="UTF-8"?>
<!-- Generated by org.testng.reporters.JUnitReportReporter -->
<testsuite hostname="Rakeshs-MacBook-Air.local" failures="0" tests="1" name="Session_03.Test_PostMethod" time="1.245" errors="0" timestamp="2023-09-16T02:32:36 IST" skipped="0">
  <testcase classname="Session_03.Test_PostMethod" name="Test03" time="1.245"/>
  <system-out/>
</testsuite> <!-- Session_03.Test_PostMethod -->
