<?xml version="1.0" encoding="UTF-8"?>
<!-- Generated by org.testng.reporters.JUnitReportReporter -->
<testsuite hostname="Rakeshs-MacBook-Air.local" failures="0" tests="2" name="Session_03.Test_GetMethod" time="1.114" errors="0" timestamp="2023-09-16T00:33:06 IST" skipped="0">
  <testcase classname="Session_03.Test_GetMethod" name="Test02" time="0.229"/>
  <system-out/>
  <testcase classname="Session_03.Test_GetMethod" name="Test01" time="0.885"/>
  <system-out/>
</testsuite> <!-- Session_03.Test_GetMethod -->
