<?xml version="1.0" encoding="UTF-8"?>
<!-- Generated by org.testng.reporters.JUnitReportReporter -->
<testsuite hostname="Rakeshs-MacBook-Air.local" failures="0" tests="1" name="Session_04.CheckForValidResponse" time="0.740" errors="0" timestamp="2023-09-18T02:42:41 IST" skipped="0">
  <testcase classname="Session_04.CheckForValidResponse" name="GetSingleUser" time="0.740"/>
  <system-out/>
</testsuite> <!-- Session_04.CheckForValidResponse -->
