<?xml version="1.0" encoding="UTF-8"?>
<!-- Generated by org.testng.reporters.JUnitReportReporter -->
<testsuite hostname="Rakeshs-MacBook-Air.local" failures="0" tests="1" name="Session_03.Test_DeleteMethod" time="1.095" errors="0" timestamp="2023-09-16T02:43:32 IST" skipped="0">
  <testcase classname="Session_03.Test_DeleteMethod" name="Test05" time="1.095"/>
  <system-out/>
</testsuite> <!-- Session_03.Test_DeleteMethod -->
