<?xml version="1.0" encoding="UTF-8"?>
<!-- Generated by org.testng.reporters.JUnitReportReporter -->
<testsuite hostname="Rakeshs-MacBook-Air.local" failures="0" tests="1" name="Session_03.Test_PutMethod" time="1.135" errors="0" timestamp="2023-09-16T02:37:48 IST" skipped="0">
  <testcase classname="Session_03.Test_PutMethod" name="Test04" time="1.135"/>
  <system-out/>
</testsuite> <!-- Session_03.Test_PutMethod -->
