<?xml version="1.0" encoding="UTF-8"?>
<!-- Generated by org.testng.reporters.JUnitReportReporter -->
<testsuite hostname="Rakeshs-MacBook-Air.local" failures="0" tests="2" name="Session_08.Authorization" time="1.820" errors="0" timestamp="2023-09-19T21:28:55 IST" skipped="0">
  <testcase classname="Session_08.Authorization" name="BasicAuth" time="1.080"/>
  <system-out/>
  <testcase classname="Session_08.Authorization" name="DigestAuth" time="0.740"/>
  <system-out/>
</testsuite> <!-- Session_08.Authorization -->
