<?xml version="1.0" encoding="UTF-8"?>
<!-- Generated by org.testng.reporters.JUnitReportReporter -->
<testsuite hostname="Rakeshs-MacBook-Air.local" failures="0" tests="1" name="Session_05.ValidateResponseHeader" time="0.755" errors="0" timestamp="2023-09-19T18:54:50 IST" skipped="0">
  <testcase classname="Session_05.ValidateResponseHeader" name="GetSingleUser" time="0.755"/>
  <system-out/>
</testsuite> <!-- Session_05.ValidateResponseHeader -->
