<?xml version="1.0" encoding="UTF-8"?>
<!-- Generated by org.testng.reporters.JUnitReportReporter -->
<testsuite hostname="Rakeshs-MacBook-Air.local" failures="0" tests="1" name="Session_06.ValidateJsonResponseBody" time="0.965" errors="0" timestamp="2023-09-19T19:32:39 IST" skipped="0">
  <testcase classname="Session_06.ValidateJsonResponseBody" name="UserListResponseBody" time="0.965"/>
  <system-out/>
</testsuite> <!-- Session_06.ValidateJsonResponseBody -->
