<?xml version="1.0" encoding="UTF-8"?>
<!-- Generated by org.testng.reporters.JUnitReportReporter -->
<testsuite hostname="Rakeshs-MacBook-Air.local" failures="0" tests="3" name="TestNGFramework.TestNGFramework.PriorityTestCase" time="0.013" errors="0" timestamp="2023-11-29T23:46:11 IST" skipped="0">
  <testcase classname="TestNGFramework.TestNGFramework.PriorityTestCase" name="testCase4" time="0.008"/>
  <testcase classname="TestNGFramework.TestNGFramework.PriorityTestCase" name="testCase2" time="0.002"/>
  <testcase classname="TestNGFramework.TestNGFramework.PriorityTestCase" name="testCase1" time="0.003"/>
</testsuite> <!-- TestNGFramework.TestNGFramework.PriorityTestCase -->
