<?xml version="1.0" encoding="UTF-8"?>
<!-- Generated by org.testng.reporters.JUnitReportReporter -->
<testsuite hostname="Rakeshs-MacBook-Air.local" failures="0" tests="1" name="CrossBrowserTesting.CrossBrowserDemo" time="19.848" errors="0" timestamp="2023-11-30T19:11:09 IST" skipped="0">
  <testcase classname="CrossBrowserTesting.CrossBrowserDemo" name="verifyTitle" time="19.848"/>
</testsuite> <!-- CrossBrowserTesting.CrossBrowserDemo -->
