<?xml version="1.0" encoding="UTF-8"?>
<!-- Generated by org.testng.reporters.JUnitReportReporter -->
<testsuite hostname="Rakeshs-MacBook-Air.local" failures="0" tests="1" name="TestNGFramework.TestNGFramework.Demo" time="0.007" errors="0" timestamp="2023-11-29T00:21:00 IST" skipped="0">
  <testcase classname="TestNGFramework.TestNGFramework.Demo" name="ddemo" time="0.007"/>
</testsuite> <!-- TestNGFramework.TestNGFramework.Demo -->
