<?xml version="1.0" encoding="UTF-8"?>
<!-- Generated by org.testng.reporters.JUnitReportReporter -->
<testsuite hostname="Rakeshs-MacBook-Air.local" failures="0" tests="3" name="TestNGFramework.TestNGFramework.DataProviderDemo" time="107.028" errors="0" timestamp="2023-11-30T00:48:36 IST" skipped="0">
  <testcase classname="TestNGFramework.TestNGFramework.DataProviderDemo" name="GoogleSearchDemo" time="20.396"/>
  <testcase classname="TestNGFramework.TestNGFramework.DataProviderDemo" name="GoogleSearchDemo" time="24.041"/>
  <testcase classname="TestNGFramework.TestNGFramework.DataProviderDemo" name="GoogleSearchDemo" time="62.591"/>
</testsuite> <!-- TestNGFramework.TestNGFramework.DataProviderDemo -->
