<?xml version="1.0" encoding="UTF-8"?>
<!-- Generated by org.testng.reporters.JUnitReportReporter -->
<testsuite hostname="Rakeshs-MacBook-Air.local" failures="0" tests="3" name="Yahoo.YahooRegistrationPage" time="139.911" errors="0" timestamp="2023-09-13T20:57:57 IST" skipped="0">
  <testcase classname="Yahoo.YahooRegistrationPage" name="testRegistrationWithAllRequiredFields" time="1.950"/>
  <testcase classname="Yahoo.YahooRegistrationPage" name="testPhoneNumberLengthValidation" time="3.299"/>
  <testcase classname="Yahoo.YahooRegistrationPage" name="EnterValidMobileNo" time="134.662"/>
</testsuite> <!-- Yahoo.YahooRegistrationPage -->
