<?xml version="1.0" encoding="UTF-8"?>
<!-- Generated by org.testng.reporters.JUnitReportReporter -->
<testsuite hostname="Rakeshs-MacBook-Air.local" failures="0" tests="2" name="QA.YahooReg" time="2.211" errors="0" timestamp="2023-09-13T10:03:06 IST" skipped="0">
  <testcase classname="QA.YahooReg" name="testRegistrationWithAllRequiredFields" time="1.908"/>
  <testcase classname="QA.YahooReg" name="testPhoneNumberLengthValidation" time="0.303"/>
</testsuite> <!-- QA.YahooReg -->
