<?xml version="1.0" encoding="UTF-8"?>
<!-- Generated by org.testng.reporters.JUnitReportReporter -->
<testsuite hostname="Rakeshs-MacBook-Air.local" failures="0" tests="1" name="YahooRegistrationForm" time="2.928" errors="0" timestamp="2023-09-13T21:18:29 IST" skipped="0">
  <testcase classname="YahooRegistrationForm" name="CreateAccountPage" time="2.928"/>
</testsuite> <!-- YahooRegistrationForm -->
