<?xml version="1.0" encoding="UTF-8"?>
<!-- Generated by org.testng.reporters.JUnitReportReporter -->
<testsuite hostname="Rakeshs-MacBook-Air.local" failures="0" tests="2" name="YahooRegistrationPage" time="2.263" errors="0" timestamp="2023-09-18T22:30:20 IST" skipped="0">
  <testcase classname="YahooRegistrationPage" name="testRegistrationWithAllRequiredFields" time="1.987"/>
  <testcase classname="YahooRegistrationPage" name="testPhoneNumberLengthValidation" time="0.276"/>
</testsuite> <!-- YahooRegistrationPage -->
