<?xml version="1.0" encoding="UTF-8"?>
<!-- Generated by org.testng.reporters.JUnitReportReporter -->
<testsuite hostname="Rakeshs-MacBook-Air.local" failures="0" tests="1" name="QA.Phone" time="2.216" errors="0" timestamp="2023-09-13T10:15:50 IST" skipped="0">
  <testcase classname="QA.Phone" name="testRegistrationWithAllRequiredFields" time="2.216"/>
</testsuite> <!-- QA.Phone -->
